<?xml version="1.0" encoding="UTF-8"?>
<testsuites name="jest tests" tests="15" failures="0" errors="0" time="20.249">
  <testsuite name="ProductHunterBoardComponent" errors="0" failures="0" skipped="0" timestamp="2023-11-21T12:42:04" time="4.145" tests="1">
    <testcase classname="ProductHunterBoardComponent should create" name="ProductHunterBoardComponent should create" time="0.207">
    </testcase>
  </testsuite>
  <testsuite name="ProductHunterChartComponent" errors="0" failures="0" skipped="0" timestamp="2023-11-21T12:42:08" time="0.814" tests="1">
    <testcase classname="ProductHunterChartComponent should create" name="ProductHunterChartComponent should create" time="0.043">
    </testcase>
  </testsuite>
  <testsuite name="ProductListComponent" errors="0" failures="0" skipped="0" timestamp="2023-11-21T12:42:09" time="1.137" tests="2">
    <testcase classname="ProductListComponent should create" name="ProductListComponent should create" time="0.105">
    </testcase>
    <testcase classname="ProductListComponent should filter according to the select" name="ProductListComponent should filter according to the select" time="0.037">
    </testcase>
  </testsuite>
  <testsuite name="ProductHunterNoDataComponent" errors="0" failures="0" skipped="0" timestamp="2023-11-21T12:42:10" time="2.217" tests="1">
    <testcase classname="ProductHunterNoDataComponent should create" name="ProductHunterNoDataComponent should create" time="0.05">
    </testcase>
  </testsuite>
  <testsuite name="AppComponent" errors="0" failures="0" skipped="0" timestamp="2023-11-21T12:42:12" time="3.366" tests="2">
    <testcase classname="AppComponent should get isloading to be falsy" name="AppComponent should get isloading to be falsy" time="0.091">
    </testcase>
    <testcase classname="AppComponent should get isloading to be true" name="AppComponent should get isloading to be true" time="0.028">
    </testcase>
  </testsuite>
  <testsuite name="product hunter servies" errors="0" failures="0" skipped="0" timestamp="2023-11-21T12:42:15" time="2.133" tests="2">
    <testcase classname="product hunter servies should be created" name="product hunter servies should be created" time="0.019">
    </testcase>
    <testcase classname="product hunter servies should test set targetdate " name="product hunter servies should test set targetdate " time="0.008">
    </testcase>
  </testsuite>
  <testsuite name="ProductHunterDatePickerComponent" errors="0" failures="0" skipped="0" timestamp="2023-11-21T12:42:18" time="2.062" tests="3">
    <testcase classname="ProductHunterDatePickerComponent should create" name="ProductHunterDatePickerComponent should create" time="0.172">
    </testcase>
    <testcase classname="ProductHunterDatePickerComponent should set previous day" name="ProductHunterDatePickerComponent should set previous day" time="0.039">
    </testcase>
    <testcase classname="ProductHunterDatePickerComponent should set next day" name="ProductHunterDatePickerComponent should set next day" time="0.036">
    </testcase>
  </testsuite>
  <testsuite name="ProductHunterNavComponent" errors="0" failures="0" skipped="0" timestamp="2023-11-21T12:42:20" time="2.001" tests="1">
    <testcase classname="ProductHunterNavComponent should create" name="ProductHunterNavComponent should create" time="0.095">
    </testcase>
  </testsuite>
  <testsuite name="ProductHunterCardComponent" errors="0" failures="0" skipped="0" timestamp="2023-11-21T12:42:22" time="0.823" tests="1">
    <testcase classname="ProductHunterCardComponent should create" name="ProductHunterCardComponent should create" time="0.049">
    </testcase>
  </testsuite>
  <testsuite name="GET /" errors="0" failures="0" skipped="0" timestamp="2023-11-21T12:42:22" time="0.379" tests="1">
    <testcase classname="GET / should return a message" name="GET / should return a message" time="0.068">
    </testcase>
  </testsuite>
</testsuites>