<?xml version="1.0" encoding="UTF-8"?>
<testsuites name="jest tests" tests="14" failures="0" errors="0" time="22.795">
  <testsuite name="ProductHunterBoardComponent" errors="0" failures="0" skipped="0" timestamp="2023-11-18T19:15:00" time="6.366" tests="1">
    <testcase classname="ProductHunterBoardComponent should create" name="ProductHunterBoardComponent should create" time="0.22">
    </testcase>
  </testsuite>
  <testsuite name="ProductListComponent" errors="0" failures="0" skipped="0" timestamp="2023-11-18T19:15:06" time="1.119" tests="2">
    <testcase classname="ProductListComponent should create" name="ProductListComponent should create" time="0.117">
    </testcase>
    <testcase classname="ProductListComponent should filter according to the select" name="ProductListComponent should filter according to the select" time="0.046">
    </testcase>
  </testsuite>
  <testsuite name="ProductHunterChartComponent" errors="0" failures="0" skipped="0" timestamp="2023-11-18T19:15:08" time="0.569" tests="1">
    <testcase classname="ProductHunterChartComponent should create" name="ProductHunterChartComponent should create" time="0.04">
    </testcase>
  </testsuite>
  <testsuite name="AppComponent" errors="0" failures="0" skipped="0" timestamp="2023-11-18T19:15:08" time="3.125" tests="2">
    <testcase classname="AppComponent should get isloading to be falsy" name="AppComponent should get isloading to be falsy" time="0.089">
    </testcase>
    <testcase classname="AppComponent should get isloading to be true" name="AppComponent should get isloading to be true" time="0.034">
    </testcase>
  </testsuite>
  <testsuite name="ProductHunterNavComponent" errors="0" failures="0" skipped="0" timestamp="2023-11-18T19:15:11" time="3.83" tests="1">
    <testcase classname="ProductHunterNavComponent should create" name="ProductHunterNavComponent should create" time="0.119">
    </testcase>
  </testsuite>
  <testsuite name="ProductHunterCardComponent" errors="0" failures="0" skipped="0" timestamp="2023-11-18T19:15:16" time="0.716" tests="1">
    <testcase classname="ProductHunterCardComponent should create" name="ProductHunterCardComponent should create" time="0.048">
    </testcase>
  </testsuite>
  <testsuite name="GET /" errors="0" failures="0" skipped="0" timestamp="2023-11-18T19:15:17" time="0.266" tests="1">
    <testcase classname="GET / should return a message" name="GET / should return a message" time="0.044">
    </testcase>
  </testsuite>
  <testsuite name="ProductHunterDatePickerComponent" errors="0" failures="0" skipped="0" timestamp="2023-11-18T19:15:17" time="3.63" tests="3">
    <testcase classname="ProductHunterDatePickerComponent should create" name="ProductHunterDatePickerComponent should create" time="0.115">
    </testcase>
    <testcase classname="ProductHunterDatePickerComponent should set previous day" name="ProductHunterDatePickerComponent should set previous day" time="0.074">
    </testcase>
    <testcase classname="ProductHunterDatePickerComponent should set next day" name="ProductHunterDatePickerComponent should set next day" time="0.035">
    </testcase>
  </testsuite>
  <testsuite name="product hunter servies" errors="0" failures="0" skipped="0" timestamp="2023-11-18T19:15:21" time="1.538" tests="2">
    <testcase classname="product hunter servies should be created" name="product hunter servies should be created" time="0.012">
    </testcase>
    <testcase classname="product hunter servies should test set targetdate " name="product hunter servies should test set targetdate " time="0.008">
    </testcase>
  </testsuite>
</testsuites>