<?xml version="1.0" encoding="UTF-8"?>
<testsuites name="jest tests" tests="23" failures="0" errors="0" time="14.819">
  <testsuite name="test hunter api config" errors="0" failures="0" skipped="0" timestamp="2023-11-23T23:52:38" time="1.414" tests="3">
    <testcase classname="test hunter api config test constructor" name="test hunter api config test constructor" time="0.002">
    </testcase>
    <testcase classname="test hunter api config test get api key" name="test hunter api config test get api key" time="0.002">
    </testcase>
    <testcase classname="test hunter api config test on request" name="test hunter api config test on request" time="0.001">
    </testcase>
  </testsuite>
  <testsuite name="test for product hunter controller" errors="0" failures="0" skipped="0" timestamp="2023-11-23T23:52:40" time="0.494" tests="3">
    <testcase classname="test for product hunter controller should test get product by release date success" name="test for product hunter controller should test get product by release date success" time="0.004">
    </testcase>
    <testcase classname="test for product hunter controller should throw error" name="test for product hunter controller should throw error" time="0">
    </testcase>
    <testcase classname="test for product hunter controller should reject when not a valid date" name="test for product hunter controller should reject when not a valid date" time="0.001">
    </testcase>
  </testsuite>
  <testsuite name="test for product hunter api" errors="0" failures="0" skipped="0" timestamp="2023-11-23T23:52:40" time="0.279" tests="2">
    <testcase classname="test for product hunter api test get product released by date two page" name="test for product hunter api test get product released by date two page" time="0.003">
    </testcase>
    <testcase classname="test for product hunter api test format producted post data" name="test for product hunter api test format producted post data" time="0.001">
    </testcase>
  </testsuite>
  <testsuite name="AppComponent" errors="0" failures="0" skipped="0" timestamp="2023-11-23T23:52:41" time="1.988" tests="2">
    <testcase classname="AppComponent should get isloading to be falsy" name="AppComponent should get isloading to be falsy" time="0.165">
    </testcase>
    <testcase classname="AppComponent should get isloading to be true" name="AppComponent should get isloading to be true" time="0.086">
    </testcase>
  </testsuite>
  <testsuite name="ProductHunterBoardComponent" errors="0" failures="0" skipped="0" timestamp="2023-11-23T23:52:43" time="1.847" tests="1">
    <testcase classname="ProductHunterBoardComponent should create" name="ProductHunterBoardComponent should create" time="0.159">
    </testcase>
  </testsuite>
  <testsuite name="ProductHunterDatePickerComponent" errors="0" failures="0" skipped="0" timestamp="2023-11-23T23:52:45" time="1.657" tests="3">
    <testcase classname="ProductHunterDatePickerComponent should create" name="ProductHunterDatePickerComponent should create" time="0.184">
    </testcase>
    <testcase classname="ProductHunterDatePickerComponent should set previous day" name="ProductHunterDatePickerComponent should set previous day" time="0.061">
    </testcase>
    <testcase classname="ProductHunterDatePickerComponent should set next day" name="ProductHunterDatePickerComponent should set next day" time="0.049">
    </testcase>
  </testsuite>
  <testsuite name="ProductHunterNavComponent" errors="0" failures="0" skipped="0" timestamp="2023-11-23T23:52:47" time="1.4" tests="1">
    <testcase classname="ProductHunterNavComponent should create" name="ProductHunterNavComponent should create" time="0.138">
    </testcase>
  </testsuite>
  <testsuite name="product hunter servies" errors="0" failures="0" skipped="0" timestamp="2023-11-23T23:52:48" time="1.108" tests="2">
    <testcase classname="product hunter servies should be created" name="product hunter servies should be created" time="0.015">
    </testcase>
    <testcase classname="product hunter servies should test set targetdate " name="product hunter servies should test set targetdate " time="0.012">
    </testcase>
  </testsuite>
  <testsuite name="ProductHunterNoDataComponent" errors="0" failures="0" skipped="0" timestamp="2023-11-23T23:52:49" time="1.141" tests="1">
    <testcase classname="ProductHunterNoDataComponent should create" name="ProductHunterNoDataComponent should create" time="0.047">
    </testcase>
  </testsuite>
  <testsuite name="ProductListComponent" errors="0" failures="0" skipped="0" timestamp="2023-11-23T23:52:50" time="1.141" tests="2">
    <testcase classname="ProductListComponent should create" name="ProductListComponent should create" time="0.186">
    </testcase>
    <testcase classname="ProductListComponent should filter according to the select" name="ProductListComponent should filter according to the select" time="0.046">
    </testcase>
  </testsuite>
  <testsuite name="ProductHunterCardComponent" errors="0" failures="0" skipped="0" timestamp="2023-11-23T23:52:52" time="0.583" tests="1">
    <testcase classname="ProductHunterCardComponent should create" name="ProductHunterCardComponent should create" time="0.044">
    </testcase>
  </testsuite>
  <testsuite name="ProductHunterChartComponent" errors="0" failures="0" skipped="0" timestamp="2023-11-23T23:52:52" time="0.495" tests="1">
    <testcase classname="ProductHunterChartComponent should create" name="ProductHunterChartComponent should create" time="0.071">
    </testcase>
  </testsuite>
  <testsuite name="GET /" errors="0" failures="0" skipped="0" timestamp="2023-11-23T23:52:53" time="0.272" tests="1">
    <testcase classname="GET / should return a message" name="GET / should return a message" time="0.04">
    </testcase>
  </testsuite>
</testsuites>